[    0.000000] Initializing cgroup subsys cpuset
[    0.000000] Initializing cgroup subsys cpu
[    0.000000] Initializing cgroup subsys cpuacct
[    0.000000] Linux version 4.4.0-210-generic (buildd@lgw01-amd64-009) (gcc version 5.4.0 20160609 (Ubuntu 5.4.0-6ubuntu1~16.04.12) ) #242-Ubuntu SMP Fri Apr 16 09:57:56 UTC 2021 (Ubuntu 4.4.0-210.242-generic 4.4.262)
[    0.000000] Command line: BOOT_IMAGE=/boot/vmlinuz-4.4.0-210-generic root=LABEL=cloudimg-rootfs ro console=tty1 console=ttyS0
[    0.000000] KERNEL supported cpus:
[    0.000000]   Intel GenuineIntel
[    0.000000]   AMD AuthenticAMD
[    0.000000]   Centaur CentaurHauls
[    0.000000] x86/fpu: xstate_offset[2]:  576, xstate_sizes[2]:  256
[    0.000000] x86/fpu: Supporting XSAVE feature 0x01: 'x87 floating point registers'
[    0.000000] x86/fpu: Supporting XSAVE feature 0x02: 'SSE registers'
[    0.000000] x86/fpu: Supporting XSAVE feature 0x04: 'AVX registers'
[    0.000000] x86/fpu: Enabled xstate features 0x7, context size is 832 bytes, using 'standard' format.
[    0.000000] e820: BIOS-provided physical RAM map:
[    0.000000] BIOS-e820: [mem 0x0000000000000000-0x000000000009fbff] usable
[    0.000000] BIOS-e820: [mem 0x000000000009fc00-0x000000000009ffff] reserved
[    0.000000] BIOS-e820: [mem 0x00000000000f0000-0x00000000000fffff] reserved
[    0.000000] BIOS-e820: [mem 0x0000000000100000-0x000000003ffeffff] usable
[    0.000000] BIOS-e820: [mem 0x000000003fff0000-0x000000003fffffff] ACPI data
[    0.000000] BIOS-e820: [mem 0x00000000fec00000-0x00000000fec00fff] reserved
[    0.000000] BIOS-e820: [mem 0x00000000fee00000-0x00000000fee00fff] reserved
[    0.000000] BIOS-e820: [mem 0x00000000fffc0000-0x00000000ffffffff] reserved
[    0.000000] NX (Execute Disable) protection: active
[    0.000000] SMBIOS 2.5 present.
[    0.000000] Hypervisor detected: KVM
[    0.000000] e820: last_pfn = 0x3fff0 max_arch_pfn = 0x400000000
[    0.000000] MTRR: Disabled
[    0.000000] x86/PAT: MTRRs disabled, skipping PAT initialization too.
[    0.000000] CPU MTRRs all blank - virtualized system.
[    0.000000] x86/PAT: Configuration [0-7]: WB  WT  UC- UC  WB  WT  UC- UC  
[    0.000000] found SMP MP-table at [mem 0x0009fff0-0x0009ffff] mapped at [ffff88000009fff0]
[    0.000000] Scanning 1 areas for low memory corruption
[    0.000000] RAMDISK: [mem 0x362dc000-0x37165fff]
[    0.000000] ACPI: Early table checksum verification disabled
[    0.000000] ACPI: RSDP 0x00000000000E0000 000024 (v02 VBOX  )
[    0.000000] ACPI: XSDT 0x000000003FFF0030 00003C (v01 VBOX   VBOXXSDT 00000001 ASL  00000061)
[    0.000000] ACPI: FACP 0x000000003FFF00F0 0000F4 (v04 VBOX   VBOXFACP 00000001 ASL  00000061)
[    0.000000] ACPI: DSDT 0x000000003FFF0470 002325 (v02 VBOX   VBOXBIOS 00000002 INTL 20120111)
[    0.000000] ACPI: FACS 0x000000003FFF0200 000040
[    0.000000] ACPI: FACS 0x000000003FFF0200 000040
[    0.000000] ACPI: APIC 0x000000003FFF0240 00005C (v02 VBOX   VBOXAPIC 00000001 ASL  00000061)
[    0.000000] ACPI: SSDT 0x000000003FFF02A0 0001CC (v01 VBOX   VBOXCPUT 00000002 INTL 20120111)
[    0.000000] No NUMA configuration found
[    0.000000] Faking a node at [mem 0x0000000000000000-0x000000003ffeffff]
[    0.000000] NODE_DATA(0) allocated [mem 0x3ffeb000-0x3ffeffff]
[    0.000000] kvm-clock: Using msrs 4b564d01 and 4b564d00
[    0.000000] kvm-clock: cpu 0, msr 0:3ffe3001, primary cpu clock
[    0.000000] kvm-clock: using sched offset of 4760627518 cycles
[    0.000000] clocksource: kvm-clock: mask: 0xffffffffffffffff max_cycles: 0x1cd42e4dffb, max_idle_ns: 881590591483 ns
[    0.000000] Zone ranges:
[    0.000000]   DMA      [mem 0x0000000000001000-0x0000000000ffffff]
[    0.000000]   DMA32    [mem 0x0000000001000000-0x000000003ffeffff]
[    0.000000]   Normal   empty
[    0.000000]   Device   empty
[    0.000000] Movable zone start for each node
[    0.000000] Early memory node ranges
[    0.000000]   node   0: [mem 0x0000000000001000-0x000000000009efff]
[    0.000000]   node   0: [mem 0x0000000000100000-0x000000003ffeffff]
[    0.000000] Initmem setup node 0 [mem 0x0000000000001000-0x000000003ffeffff]
[    0.000000] ACPI: PM-Timer IO Port: 0x4008
[    0.000000] IOAPIC[0]: apic_id 2, version 32, address 0xfec00000, GSI 0-23
[    0.000000] ACPI: INT_SRC_OVR (bus 0 bus_irq 0 global_irq 2 dfl dfl)
[    0.000000] ACPI: INT_SRC_OVR (bus 0 bus_irq 9 global_irq 9 low level)
[    0.000000] Using ACPI (MADT) for SMP configuration information
[    0.000000] smpboot: Allowing 2 CPUs, 0 hotplug CPUs
[    0.000000] PM: Registered nosave memory: [mem 0x00000000-0x00000fff]
[    0.000000] PM: Registered nosave memory: [mem 0x0009f000-0x0009ffff]
[    0.000000] PM: Registered nosave memory: [mem 0x000a0000-0x000effff]
[    0.000000] PM: Registered nosave memory: [mem 0x000f0000-0x000fffff]
[    0.000000] e820: [mem 0x40000000-0xfebfffff] available for PCI devices
[    0.000000] Booting paravirtualized kernel on KVM
[    0.000000] clocksource: refined-jiffies: mask: 0xffffffff max_cycles: 0xffffffff, max_idle_ns: 7645519600211568 ns
[    0.000000] setup_percpu: NR_CPUS:512 nr_cpumask_bits:512 nr_cpu_ids:2 nr_node_ids:1
[    0.000000] PERCPU: Embedded 33 pages/cpu @ffff88003fc00000 s95192 r8192 d31784 u1048576
[    0.000000] Built 1 zonelists in Node order, mobility grouping on.  Total pages: 257912
[    0.000000] Policy zone: DMA32
[    0.000000] Kernel command line: BOOT_IMAGE=/boot/vmlinuz-4.4.0-210-generic root=LABEL=cloudimg-rootfs ro console=tty1 console=ttyS0
[    0.000000] PID hash table entries: 4096 (order: 3, 32768 bytes)
[    0.000000] Memory: 997792K/1048120K available (8644K kernel code, 1332K rwdata, 4044K rodata, 1492K init, 1164K bss, 50328K reserved, 0K cma-reserved)
[    0.000000] SLUB: HWalign=64, Order=0-3, MinObjects=0, CPUs=2, Nodes=1
[    0.000000] Kernel/User page tables isolation: enabled
[    0.000000] Hierarchical RCU implementation.
[    0.000000] 	Build-time adjustment of leaf fanout to 64.
[    0.000000] 	RCU restricting CPUs from NR_CPUS=512 to nr_cpu_ids=2.
[    0.000000] RCU: Adjusting geometry for rcu_fanout_leaf=64, nr_cpu_ids=2
[    0.000000] NR_IRQS:33024 nr_irqs:440 16
[    0.000000] Console: colour VGA+ 80x25
[    0.000000] console [tty1] enabled
[    0.000000] console [ttyS0] enabled
[    0.000000] tsc: Detected 2594.088 MHz processor
[    0.369850] Calibrating delay loop (skipped) preset value.. 5188.17 BogoMIPS (lpj=10376352)
[    0.373885] pid_max: default: 32768 minimum: 301
[    0.376320] ACPI: Core revision 20150930
[    0.379261] ACPI: 2 ACPI AML tables successfully acquired and loaded
[    0.393474] Security Framework initialized
[    0.395673] Yama: becoming mindful.
[    0.398124] AppArmor: AppArmor initialized
[    0.400751] Dentry cache hash table entries: 131072 (order: 8, 1048576 bytes)
[    0.412556] Inode-cache hash table entries: 65536 (order: 7, 524288 bytes)
[    0.416611] Mount-cache hash table entries: 2048 (order: 2, 16384 bytes)
[    0.420581] Mountpoint-cache hash table entries: 2048 (order: 2, 16384 bytes)
[    0.438593] Initializing cgroup subsys io
[    0.441773] Initializing cgroup subsys memory
[    0.444104] Initializing cgroup subsys devices
[    0.447165] Initializing cgroup subsys freezer
[    0.450946] Initializing cgroup subsys net_cls
[    0.454192] Initializing cgroup subsys perf_event
[    0.457671] Initializing cgroup subsys net_prio
[    0.460906] Initializing cgroup subsys hugetlb
[    0.463835] Initializing cgroup subsys pids
[    0.466364] mce: CPU supports 0 MCE banks
[    0.468699] Last level iTLB entries: 4KB 512, 2MB 8, 4MB 8
[    0.471748] Last level dTLB entries: 4KB 512, 2MB 32, 4MB 32, 1GB 0
[    0.473745] Spectre V1 : Mitigation: usercopy/swapgs barriers and __user pointer sanitization
[    0.476786] Spectre V2 : Mitigation: Full generic retpoline
[    0.478790] Spectre V2 : Spectre v2 / SpectreRSB mitigation: Filling RSB on context switch
[    0.482192] Speculative Store Bypass: Vulnerable
[    0.483742] SRBDS: Unknown: Dependent on hypervisor status
[    0.485736] MDS: Mitigation: Clear CPU buffers
[    0.490524] Freeing SMP alternatives memory: 36K
[    0.502012] ftrace: allocating 32380 entries in 127 pages
[    0.577881] smpboot: APIC(0) Converting physical 0 to logical package 0
[    0.581224] smpboot: Max logical packages: 1
[    0.583874] x2apic enabled
[    0.585273] Switched APIC routing to physical x2apic.
[    0.588320] ..TIMER: vector=0x30 apic1=0 pin1=2 apic2=-1 pin2=-1
[    0.699364] smpboot: CPU0: Intel(R) Core(TM) i5-3230M CPU @ 2.60GHz (family: 0x6, model: 0x3a, stepping: 0x9)
[    0.703297] Performance Events: unsupported p6 CPU model 58 no PMU driver, software events only.
[    0.719592] KVM setup paravirtual spinlock
[    0.722122] x86: Booting SMP configuration:
[    0.724291] .... node  #0, CPUs:      #1
[    0.725932] kvm-clock: cpu 1, msr 0:3ffe3041, secondary cpu clock
[    0.729065] mce: CPU supports 0 MCE banks
[    0.733234] x86: Booted up 1 node, 2 CPUs
[    0.735750] smpboot: Total of 2 processors activated (10376.35 BogoMIPS)
[    0.739351] devtmpfs: initialized
[    0.742872] evm: security.selinux
[    0.744618] evm: security.SMACK64
[    0.746689] evm: security.SMACK64EXEC
[    0.749352] evm: security.SMACK64TRANSMUTE
[    0.751960] evm: security.SMACK64MMAP
[    0.754248] evm: security.ima
[    0.755746] evm: security.capability
[    0.757784] clocksource: jiffies: mask: 0xffffffff max_cycles: 0xffffffff, max_idle_ns: 7645041785100000 ns
[    0.763533] futex hash table entries: 512 (order: 3, 32768 bytes)
[    0.766589] pinctrl core: initialized pinctrl subsystem
[    0.769960] RTC time: 14:04:52, date: 10/14/21
[    0.773100] NET: Registered protocol family 16
[    0.787987] cpuidle: using governor ladder
[    0.800345] cpuidle: using governor menu
[    0.802586] PCCT header not found.
[    0.804753] ACPI: bus type PCI registered
[    0.806693] acpiphp: ACPI Hot Plug PCI Controller Driver version: 0.5
[    0.809912] PCI: Using configuration type 1 for base access
[    0.825233] ACPI: Added _OSI(Module Device)
[    0.827307] ACPI: Added _OSI(Processor Device)
[    0.829520] ACPI: Added _OSI(3.0 _SCP Extensions)
[    0.831899] ACPI: Added _OSI(Processor Aggregator Device)
[    0.837752] ACPI: Executed 1 blocks of module-level executable AML code
[    0.843255] ACPI: Interpreter enabled
[    0.845154] ACPI: (supports S0 S5)
[    0.846866] ACPI: Using IOAPIC for interrupt routing
[    0.849743] PCI: Using host bridge windows from ACPI; if necessary, use "pci=nocrs" and report a bug
[    0.859918] ACPI: PCI Root Bridge [PCI0] (domain 0000 [bus 00-ff])
[    0.862868] acpi PNP0A03:00: _OSC: OS supports [ASPM ClockPM Segments MSI]
[    0.866380] acpi PNP0A03:00: _OSC: not requesting OS control; OS requires [ExtendedConfig ASPM ClockPM MSI]
[    0.871606] acpi PNP0A03:00: fail to add MMCONFIG information, can't access extended PCI configuration space under this bridge.
[    0.877576] PCI host bridge to bus 0000:00
[    0.879617] pci_bus 0000:00: root bus resource [io  0x0000-0x0cf7 window]
[    0.883018] pci_bus 0000:00: root bus resource [io  0x0d00-0xffff window]
[    0.886290] pci_bus 0000:00: root bus resource [mem 0x000a0000-0x000bffff window]
[    0.889895] pci_bus 0000:00: root bus resource [mem 0x40000000-0xfdffffff window]
[    0.893510] pci_bus 0000:00: root bus resource [bus 00-ff]
[    0.900085] pci 0000:00:01.1: legacy IDE quirk: reg 0x10: [io  0x01f0-0x01f7]
[    0.903399] pci 0000:00:01.1: legacy IDE quirk: reg 0x14: [io  0x03f6]
[    0.906828] pci 0000:00:01.1: legacy IDE quirk: reg 0x18: [io  0x0170-0x0177]
[    0.920770] pci 0000:00:01.1: legacy IDE quirk: reg 0x1c: [io  0x0376]
[    0.950941] pci 0000:00:07.0: quirk: [io  0x4000-0x403f] claimed by PIIX4 ACPI
[    0.954933] pci 0000:00:07.0: quirk: [io  0x4100-0x410f] claimed by PIIX4 SMB
[    0.972044] ACPI: PCI Interrupt Link [LNKA] (IRQs 5 9 10 *11)
[    0.975953] ACPI: PCI Interrupt Link [LNKB] (IRQs 5 9 *10 11)
[    0.978491] ACPI: PCI Interrupt Link [LNKC] (IRQs 5 *9 10 11)
[    0.981104] ACPI: PCI Interrupt Link [LNKD] (IRQs 5 9 10 *11)
[    0.985229] ACPI: Enabled 2 GPEs in block 00 to 07
[    0.988904] vgaarb: setting as boot device: PCI:0000:00:02.0
[    0.992015] vgaarb: device added: PCI:0000:00:02.0,decodes=io+mem,owns=io+mem,locks=none
[    0.997274] vgaarb: loaded
[    1.002837] vgaarb: bridge control possible 0000:00:02.0
[    1.022196] SCSI subsystem initialized
[    1.025297] ACPI: bus type USB registered
[    1.027748] usbcore: registered new interface driver usbfs
[    1.030831] usbcore: registered new interface driver hub
[    1.033163] usbcore: registered new device driver usb
[    1.037750] PCI: Using ACPI for IRQ routing
[    1.042612] NetLabel: Initializing
[    1.044916] NetLabel:  domain hash size = 128
[    1.046377] NetLabel:  protocols = UNLABELED CIPSOv4
[    1.048069] NetLabel:  unlabeled traffic allowed by default
[    1.050576] amd_nb: Cannot enumerate AMD northbridges
[    1.052444] clocksource: Switched to clocksource kvm-clock
[    1.063585] AppArmor: AppArmor Filesystem Enabled
[    1.065513] pnp: PnP ACPI init
[    1.068152] pnp: PnP ACPI: found 3 devices
[    1.079642] clocksource: acpi_pm: mask: 0xffffff max_cycles: 0xffffff, max_idle_ns: 2085701024 ns
[    1.082812] NET: Registered protocol family 2
[    1.084671] TCP established hash table entries: 8192 (order: 4, 65536 bytes)
[    1.087662] TCP bind hash table entries: 8192 (order: 5, 131072 bytes)
[    1.089873] TCP: Hash tables configured (established 8192 bind 8192)
[    1.092020] UDP hash table entries: 512 (order: 2, 16384 bytes)
[    1.094102] UDP-Lite hash table entries: 512 (order: 2, 16384 bytes)
[    1.096225] NET: Registered protocol family 1
[    1.098460] pci 0000:00:00.0: Limiting direct PCI/PCI transfers
[    1.114238] pci 0000:00:01.0: Activating ISA DMA hang workarounds
[    1.118176] Unpacking initramfs...
[    1.421703] Freeing initrd memory: 14888K
[    1.427058] RAPL PMU detected, API unit is 2^-32 Joules, 3 fixed counters 10737418240 ms ovfl timer
[    1.435536] hw unit of domain pp0-core 2^-0 Joules
[    1.440084] hw unit of domain package 2^-0 Joules
[    1.444438] hw unit of domain pp1-gpu 2^-0 Joules
[    1.447807] clocksource: tsc: mask: 0xffffffffffffffff max_cycles: 0x25646b981d7, max_idle_ns: 440795327688 ns
[    1.452825] platform rtc_cmos: registered platform RTC device (no PNP device found)
[    1.456184] Scanning for low memory corruption every 60 seconds
[    1.462555] audit: initializing netlink subsys (disabled)
[    1.464403] audit: type=2000 audit(1634220298.897:1): initialized
[    1.466827] Initialise system trusted keyring
[    1.468694] HugeTLB registered 2 MB page size, pre-allocated 0 pages
[    1.472948] zbud: loaded
[    1.474315] VFS: Disk quotas dquot_6.6.0
[    1.475739] VFS: Dquot-cache hash table entries: 512 (order 0, 4096 bytes)
[    1.478392] squashfs: version 4.0 (2009/01/31) Phillip Lougher
[    1.481707] fuse init (API version 7.23)
[    1.484141] Key type big_key registered
[    1.486838] Allocating IMA MOK and blacklist keyrings.
[    1.491994] Key type asymmetric registered
[    1.494225] Asymmetric key parser 'x509' registered
[    1.496258] Block layer SCSI generic (bsg) driver version 0.4 loaded (major 249)
[    1.498990] io scheduler noop registered
[    1.500367] io scheduler deadline registered (default)
[    1.502886] io scheduler cfq registered
[    1.504336] pci_hotplug: PCI Hot Plug PCI Core version: 0.5
[    1.506246] pciehp: PCI Express Hot Plug Controller Driver version: 0.4
[    1.508917] ACPI: AC Adapter [AC] (on-line)
[    1.511126] input: Power Button as /devices/LNXSYSTM:00/LNXPWRBN:00/input/input0
[    1.514282] ACPI: Power Button [PWRF]
[    1.516145] input: Sleep Button as /devices/LNXSYSTM:00/LNXSLPBN:00/input/input1
[    1.519685] ACPI: Sleep Button [SLPF]
[    1.521902] GHES: HEST is not enabled!
[    1.523820] ACPI: Battery Slot [BAT0] (battery present)
[    1.526515] Serial: 8250/16550 driver, 32 ports, IRQ sharing enabled
[    1.550037] 00:02: ttyS0 at I/O 0x3f8 (irq = 4, base_baud = 115200) is a 16550A
[    1.555896] Linux agpgart interface v0.103
[    1.560919] loop: module loaded
[    1.563842] scsi host0: ata_piix
[    1.566102] scsi host1: ata_piix
[    1.567647] ata1: PATA max UDMA/33 cmd 0x1f0 ctl 0x3f6 bmdma 0xd000 irq 14
[    1.570007] ata2: PATA max UDMA/33 cmd 0x170 ctl 0x376 bmdma 0xd008 irq 15
[    1.572539] libphy: Fixed MDIO Bus: probed
[    1.574321] tun: Universal TUN/TAP device driver, 1.6
[    1.577086] tun: (C) 1999-2004 Max Krasnyansky <maxk@qualcomm.com>
[    1.580293] PPP generic driver version 2.4.2
[    1.582980] ehci_hcd: USB 2.0 'Enhanced' Host Controller (EHCI) Driver
[    1.585227] ehci-pci: EHCI PCI platform driver
[    1.586716] ehci-platform: EHCI generic platform driver
[    1.588416] ohci_hcd: USB 1.1 'Open' Host Controller (OHCI) Driver
[    1.591175] ohci-pci: OHCI PCI platform driver
[    1.592965] ohci-platform: OHCI generic platform driver
[    1.595494] uhci_hcd: USB Universal Host Controller Interface driver
[    1.597705] i8042: PNP: PS/2 Controller [PNP0303:PS2K,PNP0f03:PS2M] at 0x60,0x64 irq 1,12
[    1.600930] serio: i8042 KBD port at 0x60,0x64 irq 1
[    1.603653] serio: i8042 AUX port at 0x60,0x64 irq 12
[    1.606269] mousedev: PS/2 mouse device common for all mice
[    1.609335] input: AT Translated Set 2 keyboard as /devices/platform/i8042/serio0/input/input2
[    1.613794] rtc_cmos rtc_cmos: rtc core: registered rtc_cmos as rtc0
[    1.616686] rtc_cmos rtc_cmos: alarms up to one day, 114 bytes nvram
[    1.618856] i2c /dev entries driver
[    1.620172] device-mapper: uevent: version 1.0.3
[    1.621962] device-mapper: ioctl: 4.34.0-ioctl (2015-10-28) initialised: dm-devel@redhat.com
[    1.624893] ledtrig-cpu: registered to indicate activity on CPUs
[    1.627736] NET: Registered protocol family 10
[    1.630861] NET: Registered protocol family 17
[    1.633150] Key type dns_resolver registered
[    1.635813] registered taskstats version 1
[    1.638224] Loading compiled-in X.509 certificates
[    1.641608] Loaded X.509 cert 'Build time autogenerated kernel key: cf00e047681d67edb2720680708b7d9498083038'
[    1.646715] zswap: loaded using pool lzo/zbud
[    1.651168] Key type trusted registered
[    1.657183] Key type encrypted registered
[    1.659118] AppArmor: AppArmor sha1 policy hashing enabled
[    1.662335] ima: No TPM chip found, activating TPM-bypass!
[    1.665039] ima: Allocated hash algorithm: sha1
[    1.667899] evm: HMAC attrs: 0x1
[    1.670610]   Magic number: 9:75:81
[    1.672882] rtc_cmos rtc_cmos: setting system clock to 2021-10-14 14:04:53 UTC (1634220293)
[    1.677179] BIOS EDD facility v0.16 2004-Jun-25, 0 devices found
[    1.680050] EDD information not available.
[    1.755938] Freeing unused kernel memory: 1492K
[    1.757786] Write protecting the kernel read-only data: 14336k
[    1.761870] Freeing unused kernel memory: 1584K
[    1.764619] Freeing unused kernel memory: 52K
Loading, please wait...
starting version 229
[    1.787780] random: systemd-udevd: uninitialized urandom read (16 bytes read, 2 bits of entropy available)
[    1.787903] random: udevadm: uninitialized urandom read (16 bytes read, 2 bits of entropy available)
[    1.787928] random: udevadm: uninitialized urandom read (16 bytes read, 2 bits of entropy available)
[    1.804674] random: systemd-udevd: uninitialized urandom read (16 bytes read, 2 bits of entropy available)
[    1.804719] random: udevadm: uninitialized urandom read (16 bytes read, 2 bits of entropy available)
[    1.804779] random: udevadm: uninitialized urandom read (16 bytes read, 2 bits of entropy available)
[    1.804969] random: udevadm: uninitialized urandom read (16 bytes read, 2 bits of entropy available)
[    1.805037] random: udevadm: uninitialized urandom read (16 bytes read, 2 bits of entropy available)
[    1.805106] random: udevadm: uninitialized urandom read (16 bytes read, 2 bits of entropy available)
[    1.805171] random: udevadm: uninitialized urandom read (16 bytes read, 2 bits of entropy available)
[    1.894142] Fusion MPT base driver 3.04.20
[    1.897389] Copyright (c) 1999-2008 LSI Corporation
[    1.916228] e1000: Intel(R) PRO/1000 Network Driver - version 7.3.21-k8-NAPI
[    1.919808] e1000: Copyright (c) 1999-2006 Intel Corporation.
[    1.935129] Fusion MPT SPI Host driver 3.04.20
[    1.943721] AVX version of gcm_enc/dec engaged.
[    1.946355] AES CTR mode by8 optimization enabled
[    2.161154] input: ImExPS/2 Generic Explorer Mouse as /devices/platform/i8042/serio1/input/input4
[    2.489131] e1000 0000:00:03.0 eth0: (PCI:33MHz:32-bit) 02:a0:46:b5:71:eb
[    2.494863] e1000 0000:00:03.0 eth0: Intel(R) PRO/1000 Network Connection
[    2.506432] mptbase: ioc0: Initiating bringup
[    2.507917] e1000 0000:00:03.0 enp0s3: renamed from eth0
[    2.577565] ioc0: LSI53C1030 A0: Capabilities={Initiator}
[    2.744975] scsi host2: ioc0: LSI53C1030 A0, FwRev=00000000h, Ports=1, MaxQ=256, IRQ=20
[    2.866940] scsi 2:0:0:0: Direct-Access     VBOX     HARDDISK         1.0  PQ: 0 ANSI: 5
[    2.871604] scsi target2:0:0: Beginning Domain Validation
[    2.876428] scsi target2:0:0: Domain Validation skipping write tests
[    2.879714] scsi target2:0:0: Ending Domain Validation
[    2.883016] scsi target2:0:0: asynchronous
[    2.899248] scsi 2:0:1:0: Direct-Access     VBOX     HARDDISK         1.0  PQ: 0 ANSI: 5
[    2.904332] scsi target2:0:1: Beginning Domain Validation
[    2.909060] scsi target2:0:1: Domain Validation skipping write tests
[    2.912352] scsi target2:0:1: Ending Domain Validation
[    2.915996] scsi target2:0:1: asynchronous
[    2.931330] sd 2:0:0:0: [sda] 83886080 512-byte logical blocks: (42.9 GB/40.0 GiB)
[    2.931357] sd 2:0:0:0: Attached scsi generic sg0 type 0
[    2.938284] sd 2:0:1:0: Attached scsi generic sg1 type 0
[    2.938961] sd 2:0:1:0: [sdb] 20480 512-byte logical blocks: (10.5 MB/10.0 MiB)
[    2.939565] sd 2:0:1:0: [sdb] Write Protect is off
[    2.940041] sd 2:0:1:0: [sdb] Incomplete mode parameter data
[    2.940043] sd 2:0:1:0: [sdb] Assuming drive cache: write through
[    2.945421] sd 2:0:1:0: [sdb] Attached SCSI disk
[    2.963445] sd 2:0:0:0: [sda] Write Protect is off
[    2.966435] sd 2:0:0:0: [sda] Incomplete mode parameter data
[    2.969375] sd 2:0:0:0: [sda] Assuming drive cache: write through
[    2.975551]  sda: sda1
[    2.978147] sd 2:0:0:0: [sda] Attached SCSI disk
Begin: Loading essential drivers ... [    4.509356] md: linear personality registered for level -1
[    4.518056] md: multipath personality registered for level -4
[    4.526984] md: raid0 personality registered for level 0
[    4.537207] md: raid1 personality registered for level 1
[    4.612695] raid6: sse2x1   gen()  5591 MB/s
[    4.684558] raid6: sse2x1   xor()  3533 MB/s
[    4.756653] raid6: sse2x2   gen()  7149 MB/s
[    4.825051] raid6: sse2x2   xor()  4935 MB/s
[    4.896719] raid6: sse2x4   gen()  4154 MB/s
[    4.968834] raid6: sse2x4   xor()  1816 MB/s
[    4.978086] raid6: using algorithm sse2x2 gen() 7149 MB/s
[    4.988211] raid6: .... xor() 4935 MB/s, rmw enabled
[    4.998168] raid6: using ssse3x2 recovery algorithm
[    5.006949] xor: automatically using best checksumming function:
[    5.048787]    avx       : 16168.000 MB/sec
[    5.055286] async_tx: api initialized (async)
[    5.079532] md: raid6 personality registered for level 6
[    5.083242] md: raid5 personality registered for level 5
[    5.087379] md: raid4 personality registered for level 4
[    5.103379] md: raid10 personality registered for level 10
done.
Begin: Running /scripts/init-premount ... done.
Begin: Mounting root file system ... Begin: Running /scripts/local-top ... done.
Begin: Running /scripts/local-premount ... [    5.176660] Btrfs loaded
Scanning for Btrfs filesystems
done.
Warning: fsck not present, so skipping root file system
[    5.233243] EXT4-fs (sda1): mounted filesystem with ordered data mode. Opts: (null)
done.
Begin: Running /scripts/local-bottom ... done.
Begin: Running /scripts/init-bottom ... done.
[    5.424337] systemd[1]: systemd 229 running in system mode. (+PAM +AUDIT +SELINUX +IMA +APPARMOR +SMACK +SYSVINIT +UTMP +LIBCRYPTSETUP +GCRYPT +GNUTLS +ACL +XZ -LZ4 +SECCOMP +BLKID +ELFUTILS +KMOD -IDN)
[    5.437269] systemd[1]: Detected virtualization oracle.
[    5.439808] systemd[1]: Detected architecture x86-64.

Welcome to [1mUbuntu 16.04.7 LTS[0m!

[    5.448208] systemd[1]: Set hostname to <ubuntu>.
[    5.454577] systemd[1]: Initializing machine ID from random generator.
[    5.457707] systemd[1]: Installed transient /etc/machine-id file.
[    6.386660] systemd[1]: Listening on udev Kernel Socket.
[[0;32m  OK  [0m] Listening on udev Kernel Socket.
[    6.394683] systemd[1]: Created slice User and Session Slice.
[[0;32m  OK  [0m] Created slice User and Session Slice.
[    6.401550] systemd[1]: Listening on Journal Socket.
[[0;32m  OK  [0m] Listening on Journal Socket.
[    6.407784] systemd[1]: Reached target Encrypted Volumes.
[[0;32m  OK  [0m] Reached target Encrypted Volumes.
[    6.417261] systemd[1]: Reached target User and Group Name Lookups.
[[0;32m  OK  [0m] Reached target User and Group Name Lookups.
[    6.430928] systemd[1]: Listening on /dev/initctl Compatibility Named Pipe.
[[0;32m  OK  [0m] Listening on /dev/initctl Compatibility Named Pipe.
[    6.439942] systemd[1]: Listening on udev Control Socket.
[[0;32m  OK  [0m] Listening on udev Control Socket.
[    6.446363] systemd[1]: Listening on Journal Socket (/dev/log).
[[0;32m  OK  [0m] Listening on Journal Socket (/dev/log).
[    6.452932] systemd[1]: Started Forward Password Requests to Wall Directory Watch.
[[0;32m  OK  [0m] Started Forward Password Requests to Wall Directory Watch.
[    6.462151] systemd[1]: Listening on Journal Audit Socket.
[[0;32m  OK  [0m] Listening on Journal Audit Socket.
[    6.468308] systemd[1]: Set up automount Arbitrary Executable File Formats File System Automount Point.
[[0;32m  OK  [0m] Set up automount Arbitrary Executab...ats File System Automount Point.
[    6.479662] systemd[1]: Listening on Syslog Socket.
[[0;32m  OK  [0m] Listening on Syslog Socket.
[    6.485987] systemd[1]: Reached target Swap.
[[0;32m  OK  [0m] Reached target Swap.
[    6.493826] systemd[1]: Started Trigger resolvconf update for networkd DNS.
[[0;32m  OK  [0m] Started Trigger resolvconf update for networkd DNS.
[    6.508995] systemd[1]: Reached target System Time Synchronized.
[[0;32m  OK  [0m] Reached target System Time Synchronized.
[    6.529492] systemd[1]: Listening on LVM2 poll daemon socket.
[[0;32m  OK  [0m] Listening on LVM2 poll daemon socket.
[    6.545159] systemd[1]: Listening on fsck to fsckd communication Socket.
[[0;32m  OK  [0m] Listening on fsck to fsckd communication Socket.
[    6.551468] systemd[1]: Listening on LVM2 metadata daemon socket.
[[0;32m  OK  [0m] Listening on LVM2 metadata daemon socket.
[    6.570123] systemd[1]: Created slice System Slice.
[[0;32m  OK  [0m] Created slice System Slice.
[    6.601072] systemd[1]: Mounting POSIX Message Queue File System...
         Mounting POSIX Message Queue File System...
[    6.618187] systemd[1]: Mounting Huge Pages File System...
         Mounting Huge Pages File System...
[    6.641911] systemd[1]: Created slice system-serial\x2dgetty.slice.
[[0;32m  OK  [0m] Created slice system-serial\x2dgetty.slice.
[    6.669051] systemd[1]: Starting File System Check on Root Device...
         Starting File System Check on Root Device...
[    6.694636] systemd[1]: Starting Load Kernel Modules...
         Starting Load Kernel Modules...
[    6.711787] systemd[1]: Starting Set console keymap...
[    6.724946] Loading iSCSI transport class v2.0-870.
         Starting Set console keymap...
[    6.739218] systemd[1]: Starting Create list of required static device nodes for the current kernel...
         Starting Create list of required st... nodes for the current kernel...
[    6.764415] systemd[1]: Starting Journal Service...
         Starting Journal Service...
[    6.786892] systemd[1]: Mounting Debug File System...
[    6.798468] iscsi: registered transport (tcp)
         Mounting Debug File System...
[    6.805311] systemd[1]: Reached target Slices.
[[0;32m  OK  [0m] Reached target Slices.
[    6.836819] systemd[1]: Starting Uncomplicated firewall...
         Starting Uncomplicated firewall...
[    6.849972] systemd[1]: Listening on Device-mapper event daemon FIFOs.
[[0;32m  OK  [0m] Listening on Device-mapper event daemon FIFOs.
[    6.862302] systemd[1]: Starting Monitoring of LVM2 mirrors, snapshots etc. using dmeventd or progress polling...
         Starting Monitoring of LVM2 mirrors... dmeventd or progress polling...
[    6.874758] systemd[1]: Starting Nameserver information manager...
         Starting Nameserver information manager...
[    6.903423] iscsi: registered transport (iser)
[    6.904631] systemd[1]: Mounted POSIX Message Queue File System.
[[0;32m  OK  [0m] Mounted POSIX Message Queue File System.
[    6.924137] systemd[1]: Mounted Huge Pages File System.
[[0;32m  OK  [0m] Mounted Huge Pages File System.
[    6.937974] systemd[1]: Mounted Debug File System.
[[0;32m  OK  [0m] Mounted Debug File System.
[    6.945781] systemd[1]: Started Journal Service.
[[0;32m  OK  [0m] Started Journal Service.
[[0;32m  OK  [0m] Started File System Check on Root Device.
[[0;32m  OK  [0m] Started Load Kernel Modules.
[[0;32m  OK  [0m] Started Set console keymap.
[[0;32m  OK  [0m] Started Create list of required sta...ce nodes for the current kernel.
[[0;32m  OK  [0m] Started Uncomplicated firewall.
[[0;32m  OK  [0m] Started Nameserver information manager.
[[0;32m  OK  [0m] Started LVM2 metadata daemon.
[[0;32m  OK  [0m] Started File System Check Daemon to report status.
         Starting Create Static Device Nodes in /dev...
         Mounting FUSE Control File System...
         Starting Apply Kernel Variables...
         Starting Remount Root and Kernel File Systems...
[[0;32m  OK  [0m] Mounted FUSE Control File System.
[    7.068989] EXT4-fs (sda1): re-mounted. Opts: (null)
[[0;32m  OK  [0m] Started Apply Kernel Variables.
[[0;32m  OK  [0m] Started Remount Root and Kernel File Systems.
         Starting Load/Save Random Seed...
         Starting udev Coldplug all Devices...
         Starting Flush Journal to Persistent Storage...
[[0;32m  OK  [0m] Started Create Static Device Nodes in /dev.
[[0;32m  OK  [0m] Started Load/Save Random Seed.
         Starting udev Kernel Device Manager...
[[0;32m  OK  [0m] Started Flush Journal to Persistent Storage.
[[0;32m  OK  [0m] Started udev Kernel Device Manager.
[[0;32m  OK  [0m] Started udev Coldplug all Devices.
[[0;32m  OK  [0m] Started Dispatch Password Requests to Console Directory Watch.
[[0;32m  OK  [0m] Started Monitoring of LVM2 mirrors,...ng dmeventd or progress polling.
[[0;32m  OK  [0m] Reached target Local File Systems (Pre).
[[0;32m  OK  [0m] Reached target Local File Systems.
         Starting Set console font and keymap...
         Starting Initial cloud-init job (pre-networking)...
         Starting Tell Plymouth To Write Out Runtime Data...
         Starting LSB: AppArmor initialization...
         Starting Commit a transient machine-id on disk...
         Starting Create Volatile Files and Directories...
[[0;32m  OK  [0m] Started Tell Plymouth To Write Out Runtime Data.
[[0;32m  OK  [0m] Started Commit a transient machine-id on disk.
[[0;32m  OK  [0m] Started Create Volatile Files and Directories.
         Starting Update UTMP about System Boot/Shutdown...
[[0;32m  OK  [0m] Started Update UTMP about System Boot/Shutdown.
[[0;32m  OK  [0m] Found device /dev/ttyS0.
[[0;32m  OK  [0m] Listening on Load/Save RF Kill Switch Status /dev/rfkill Watch.
[[0;32m  OK  [0m] Started LSB: AppArmor initialization.
         Starting Load AppArmor profiles managed internally by snapd...
[[0;32m  OK  [0m] Started Load AppArmor profiles managed internally by snapd.
[    9.873409] cloud-init[504]: Cloud-init v. 21.1-19-gbad84ad4-0ubuntu1~16.04.2 running 'init-local' at Thu, 14 Oct 2021 14:05:01 +0000. Up 8.97 seconds.
[[0;32m  OK  [0m] Started Initial cloud-init job (pre-networking).
[[0;32m  OK  [0m] Started Set console font and keymap.
[[0;32m  OK  [0m] Created slice system-getty.slice.
[[0;32m  OK  [0m] Reached target Network (Pre).
         Starting Raise network interfaces...
[[0;32m  OK  [0m] Started Raise network interfaces.
         Starting Initial cloud-init job (metadata service crawler)...
[[0;32m  OK  [0m] Reached target Network.
[   12.734523] cloud-init[967]: Cloud-init v. 21.1-19-gbad84ad4-0ubuntu1~16.04.2 running 'init' at Thu, 14 Oct 2021 14:05:03 +0000. Up 11.36 seconds.
[   12.745815] cloud-init[967]: ci-info: ++++++++++++++++++++++++++++++++++++++Net device info++++++++++++++++++++++++++++++++++++++
[   12.753020] cloud-init[967]: ci-info: +--------+------+----------------------------+---------------+--------+-------------------+
[   12.762090] cloud-init[967]: ci-info: | Device |  Up  |          Address           |      Mask     | Scope  |     Hw-Address    |
[   12.771005] cloud-init[967]: ci-info: +--------+------+----------------------------+---------------+--------+-------------------+
[   12.777945] cloud-init[967]: ci-info: | enp0s3 | True |         10.0.2.15          | 255.255.255.0 | global | 02:a0:46:b5:71:eb |
[   12.787033] cloud-init[967]: ci-info: | enp0s3 | True | fe80::a0:46ff:feb5:71eb/64 |       .       |  link  | 02:a0:46:b5:71:eb |
[   12.794577] cloud-init[967]: ci-info: |   lo   | True |         127.0.0.1          |   255.0.0.0   |  host  |         .         |
[   12.802399] cloud-init[967]: ci-info: |   lo   | True |          ::1/128           |       .       |  host  |         .         |
[   12.810957] cloud-init[967]: ci-info: +--------+------+----------------------------+---------------+--------+-------------------+
[   12.820593] cloud-init[967]: ci-info: +++++++++++++++++++++++++++Route IPv4 info++++++++++++++++++++++++++++
[   12.828769] cloud-init[967]: ci-info: +-------+-------------+----------+---------------+-----------+-------+
[   12.834998] cloud-init[967]: ci-info: | Route | Destination | Gateway  |    Genmask    | Interface | Flags |
[   12.847688] cloud-init[967]: ci-info: +-------+-------------+----------+---------------+-----------+-------+
[   12.853150] cloud-init[967]: ci-info: |   0   |   0.0.0.0   | 10.0.2.2 |    0.0.0.0    |   enp0s3  |   UG  |
[   12.858831] cloud-init[967]: ci-info: |   1   |   10.0.2.0  | 0.0.0.0  | 255.255.255.0 |   enp0s3  |   U   |
[   12.865059] cloud-init[967]: ci-info: +-------+-------------+----------+---------------+-----------+-------+
[   12.870326] cloud-init[967]: ci-info: +++++++++++++++++++Route IPv6 info+++++++++++++++++++
[   12.875089] cloud-init[967]: ci-info: +-------+-------------+---------+-----------+-------+
[   12.880562] cloud-init[967]: ci-info: | Route | Destination | Gateway | Interface | Flags |
[   12.885915] cloud-init[967]: ci-info: +-------+-------------+---------+-----------+-------+
[   12.893191] cloud-init[967]: ci-info: |   0   |  fe80::/64  |    ::   |   enp0s3  |   U   |
[   12.905053] cloud-init[967]: ci-info: |   4   |   ff00::/8  |    ::   |   enp0s3  |   U   |
[   12.911002] cloud-init[967]: ci-info: +-------+-------------+---------+-----------+-------+
[   12.920956] cloud-init[967]: Generating public/private rsa key pair.
[   12.928920] cloud-init[967]: Your identification has been saved in /etc/ssh/ssh_host_rsa_key.
[   12.937059] cloud-init[967]: Your public key has been saved in /etc/ssh/ssh_host_rsa_key.pub.
[   12.939697] cloud-init[967]: The key fingerprint is:
[   12.942795] cloud-init[967]: SHA256:YPluIsKOHqkfu+dh3XuTkOCiqDQ9yVIYoSdh6Rde6UE root@ubuntu-xenial
[   12.945532] cloud-init[967]: The key's randomart image is:
[   12.952981] cloud-init[967]: +---[RSA 2048]----+
[   12.956794] cloud-init[967]: |.o. .E.          |
[   12.965186] cloud-init[967]: |oo.. + .         |
[[0;32m  OK  [0m] Started Initial cloud-init job (metadata service crawler).
[[0;32m  OK  [0m] Reached target Network is Online.
[   12.979183] cloud-init[967]: |+.o + =          |
[   12.986340] cloud-init[967]: | +oo o.o         |
[   12.988879] cloud-init[967]: | ... . .S.       |
[   12.991190] cloud-init[967]: | .= o..oo        |
[   12.993247] cloud-init[967]: | B+*+.o +. .     |
[   12.996665] cloud-init[967]: |+o==oo o .+      |
         Starting iSCSI initiator daemon (iscsid)...
[   13.008810] [cloud-init[0;32m  OK  [0m[967]: ] |*o=+.   .. .     |Reached target Cloud-config availability.

[   13.029000] [cloud-init[0;32m  OK  [0m[967]: ] +----[SHA256]-----+Reached target System Initialization.

[   13.037012] [cloud-init[0;32m  OK  [0m[967]: ] Generating public/private dsa key pair.Started ACPI Events Check.

[   13.048979] cloud-init[967]: Your identification has been saved in /etc/ssh/ssh_host_dsa_key.
[   13.059074] [cloud-init[0;32m  OK  [0m[967]: ] Your public key has been saved in /etc/ssh/ssh_host_dsa_key.pub.Reached target Paths.

[   13.062371] [[0;32m  OK  [0m] Started Message of the Day.
cloud-init[967]: The key fingerprint is:
[   13.065752] [cloud-init[0;32m  OK  [0m[967]: ] SHA256:joQ4qnKcOo64/T0D3PXdB/57pM7rbKv00mvcoo+JSz0 root@ubuntu-xenialStarted Ubuntu Advantage update messaging.

[   13.069754] cloud-init[967]: The key's randomart image is:
[   13.072294] cloud-init[967]: +---[DSA 1024]----+
[   13.075139] cloud-init[967]: |                 |
[   13.078754] cloud-init[967]: |                 |
[[0;32m  OK  [0m] Started Daily apt download activities.
[   13.085339] cloud-init[967]: |                 |
[   13.093429] cloud-init[967]: |   . .  .     .  |
[   13.095501] cloud-init[967]: |  o.....S. . o . |
[[0;32m  OK  [0m] Started Daily apt upgrade and clean activities.
[   13.101106] cloud-init[967]: | . .o..o  ... o o|
[   13.113965] cloud-init[967]: |.. . .. . . Eo * |
[   13.116764] cloud-init[967]: |*.+  .o  . o.BB +|
[[0;32m  OK  [0m] Started Daily Cleanup of Temporary Directories.
[   13.122775] cloud-init[967]: |O*... .o  o.=X@*o|
[   13.138544] cloud-init[967]: +----[SHA256]-----+
[   13.141575] cloud-init[967]: Generating public/private ecdsa key pair.
[[0;32m  OK  [0m] Reached target Timers.
[[0;32m  OK  [0m] Listening on D-Bus System Message Bus Socket.
[   13.147442] cloud-init[967]: Your identification has been saved in /etc/ssh/ssh_host_ecdsa_key.
[   13.168713] cloud-init[967]: Your public key has been saved in /etc/ssh/ssh_host_ecdsa_key.pub.
         Starting Socket activation for snappy daemon.
[[0;32m  OK  [0m] Listening on ACPID Listen Socket.
[   13.171660] cloud-init[967]: The key fingerprint is:
         Starting LXD - unix socket.
[[0;32m  OK  [0m] Listening on UUID daemon activation socket.
[   13.192266] cloud-init[967]: SHA256:FSOgwcmq5Jr649fP2QCeEwXIQBQMeEkxhVtSMLCZad8 root@ubuntu-xenial
[   13.205810] cloud-init[967]: The key's randomart image is:
[   13.207267] cloud-init[967]: +---[ECDSA 256]---+
[   13.208747] cloud-init[967]: |+B@&+oo.. o      |
[   13.210509] cloud-init[967]: |.=*oBo . . o     |
[[0;32m  OK  [0m] Listening on Socket activation for snappy daemon.
[[0;32m  OK  [0m] Listening on LXD - unix socket.
[[0;32m  OK  [0m] Reached target Sockets.
[[0;32m  OK  [0m] Reached target Basic System.
[[0;32m  OK  [0m] Started FUSE filesystem for LXC.
[   13.216669] cloud-init[967]: |=o =.   . .      |
[[0;32m  OK  [0m] Started Deferred execution scheduler.
[   13.267335] cloud-init[967]: |..+ .  . .       |
[   13.289238] cloud-init[967]: |o. . Eo S        |
[   13.296728] cloud-init[967]: |..   . +         |
[   13.297761] cloud-init[967]: |..   .+ .        |
[   13.297895] cloud-init[967]: |o . . .o +       |
[   13.298023] cloud-init[967]: |oooo   .+ .      |
[   13.298431] cloud-init[967]: +----[SHA256]-----+
[[0;32m  OK  [0m] Started ACPI event daemon.
[   13.298800] cloud-init[967]: Generating public/private ed25519 key pair.
[   13.316589] cloud-init[967]: Your identification has been saved in /etc/ssh/ssh_host_ed25519_key.
         [   13.328961] cloud-init[967]: Your public key has been saved in /etc/ssh/ssh_host_ed25519_key.pub.
Starting Login Service...
[   13.330549] cloud-init[967]: The key fingerprint is:
[[0;32m  OK  [0m] Started D-Bus System Message Bus.
[   13.343337] cloud-init[967]: SHA256:Fj86oqbNY2uBHMaVc70xFd76edbMXWGRp6bVk9GNW9E root@ubuntu-xenial
[   13.355072] cloud-init[967]: The key's randomart image is:
[   13.368694] cloud-init[967]: +--[ED25519 256]--+
[   13.373050] cloud-init[967]: |     . . .o.   +*|
[   13.376778] cloud-init[967]: |    + . +. .  .oE|
[   13.385383] cloud-init[967]: | . . o  .+. .  B+|
[   13.395508] cloud-init[967]: |  +     .o .  *oo|
[   13.409491] cloud-init[967]: | o o    S +  +  o|
[   13.415979] cloud-init[967]: |  o .  . . o.. +o|
[   13.421281] cloud-init[967]: |     .. o   o o =|
[   13.426489] cloud-init[967]: |   o=. . .   o   |
         Starting LXD - container startup/shutdown...
         Starting System Logging Service...
[[0;32m  OK  [0m] Started Regular background program processing daemon.
         [   13.453256] Starting LSB: MD monitoring daemon...
cloud-init[967]: |  .==o           |
[   13.471266] cloud-init[967]: +----[SHA256]-----+
         Starting Pollinate to seed the pseudo random number generator...
         Starting Virtualbox guest utils...
         Starting /etc/rc.local Compatibility...
         Starting Snap Daemon...
         Starting LSB: Record successful boot for GRUB...
         Starting Accounts Service...
[[0;32m  OK  [0m] Started System Logging Service.
[[0;32m  OK  [0m] Started iSCSI initiator daemon (iscsid).
[[0;32m  OK  [0m] Started /etc/rc.local Compatibility.
         Starting Login to default iSCSI targets...
[[0;32m  OK  [0m] Started Login Service.
[[0;32m  OK  [0m] Started Unattended Upgrades Shutdown.
[[0;32m  OK  [0m] Started LSB: MD monitoring daemon.
[[0;32m  OK  [0m] Started Login to default iSCSI targets.
[[0;32m  OK  [0m] Reached target Remote File Systems (Pre).
[[0;32m  OK  [0m] Reached target Remote File Systems.
         Starting LSB: daemon to balance interrupts for SMP systems...
         Starting Permit User Sessions...
         Starting LSB: automatic crash report generation...
         Starting LSB: Set the CPU Frequency Scaling governor to "ondemand"...
[[0;32m  OK  [0m] Started LSB: Record successful boot for GRUB.
[[0;32m  OK  [0m] Started Permit User Sessions.
         Starting Terminate Plymouth Boot Screen...
         Starting Hold until boot process finishes up...
[[0;32m  OK  [0m] Started Hold until boot process finishes up.
[[0;32m  OK  [0m] Started Terminate Plymouth Boot Screen.
[[0;32m  OK  [0m] Started Serial Getty on ttyS0.
[[0;32m  OK  [0m] Started Getty on tty1.
[[0;32m  OK  [0m] Reached target Login Prompts.
         Starting Set console scheme...
[[0;32m  OK  [0m] Started LXD - container startup/shutdown.
[[0;32m  OK  [0m] Started Set console scheme.
         Starting Authenticate and Authorize Users to Run Privileged Tasks...
[[0;32m  OK  [0m] Started LSB: Set the CPU Frequency Scaling governor to "ondemand".
[[0;32m  OK  [0m] Started LSB: daemon to balance interrupts for SMP systems.
[[0;32m  OK  [0m] Started LSB: automatic crash report generation.
[[0;32m  OK  [0m] Started Virtualbox guest utils.
[[0;32m  OK  [0m] Started Authenticate and Authorize Users to Run Privileged Tasks.
[[0;32m  OK  [0m] Started Accounts Service.
[[0;32m  OK  [0m] Started Snap Daemon.
         Starting Wait until snapd is fully seeded...
[[0;32m  OK  [0m] Started Pollinate to seed the pseudo random number generator.
         Starting OpenBSD Secure Shell server...
[[0;32m  OK  [0m] Started OpenBSD Secure Shell server.
[[0;32m  OK  [0m] Created slice User Slice of vagrant.
         Starting User Manager for UID 1000...
[[0;32m  OK  [0m] Started Session 1 of user vagrant.
[[0;32m  OK  [0m] Started User Manager for UID 1000.
[[0;32m  OK  [0m] Started Wait until snapd is fully seeded.
         Starting Apply the settings specified in cloud-config...
[[0;32m  OK  [0m] Reached target Multi-User System.
[[0;32m  OK  [0m] Reached target Graphical Interface.
         Starting Update UTMP about System Runlevel Changes...
[[0;32m  OK  [0m] Started Update UTMP about System Runlevel Changes.
[[0;32m  OK  [0m] Started Session 2 of user vagrant.
[   19.280314] cloud-init[1508]: Generating locales (this might take a while)...

Ubuntu 16.04.7 LTS ubuntu-xenial ttyS0

ubuntu-xenial login: [   20.903731] cloud-init[1508]:   en_US.UTF-8... done
[   20.905412] cloud-init[1508]: Generation complete.
[   21.913983] cloud-init[1508]: Cloud-init v. 21.1-19-gbad84ad4-0ubuntu1~16.04.2 running 'modules:config' at Thu, 14 Oct 2021 14:05:11 +0000. Up 19.11 seconds.
ci-info: no authorized SSH keys fingerprints found for user ubuntu.
<14>Oct 14 14:05:14 ec2: 
<14>Oct 14 14:05:14 ec2: #############################################################
<14>Oct 14 14:05:14 ec2: -----BEGIN SSH HOST KEY FINGERPRINTS-----
<14>Oct 14 14:05:14 ec2: 1024 SHA256:joQ4qnKcOo64/T0D3PXdB/57pM7rbKv00mvcoo+JSz0 root@ubuntu-xenial (DSA)
<14>Oct 14 14:05:14 ec2: 256 SHA256:FSOgwcmq5Jr649fP2QCeEwXIQBQMeEkxhVtSMLCZad8 root@ubuntu-xenial (ECDSA)
<14>Oct 14 14:05:14 ec2: 256 SHA256:Fj86oqbNY2uBHMaVc70xFd76edbMXWGRp6bVk9GNW9E root@ubuntu-xenial (ED25519)
<14>Oct 14 14:05:14 ec2: 2048 SHA256:YPluIsKOHqkfu+dh3XuTkOCiqDQ9yVIYoSdh6Rde6UE root@ubuntu-xenial (RSA)
<14>Oct 14 14:05:14 ec2: -----END SSH HOST KEY FINGERPRINTS-----
<14>Oct 14 14:05:14 ec2: #############################################################
-----BEGIN SSH HOST KEY KEYS-----
ecdsa-sha2-nistp256 AAAAE2VjZHNhLXNoYTItbmlzdHAyNTYAAAAIbmlzdHAyNTYAAABBBEnqLiSaBtcjtmi8s/TwC2W5/L6RhWjYme/mJL5P+SGPngZTYlV1JpVHyH78aBQc/Kxv43PP49Gpv+1LjjCyFWg= root@ubuntu-xenial
ssh-ed25519 AAAAC3NzaC1lZDI1NTE5AAAAIBww1TazKY/3i7MT9IkFWnzQMV2JUnDlRFYicU6z7m34 root@ubuntu-xenial
ssh-rsa AAAAB3NzaC1yc2EAAAADAQABAAABAQC7Kb2T4IXKRcxXJ2czc2RedadPa9TnsuYNRAGONMY9difXIspCfgefGymVUUqXBTcRgIbWqMBUtmic7BVeMw4LaxhTfLIJtRR3dckJ/WIoJL4/QVXpjfp9e4F7vN3mfijtoFo7f96LoP5TUIG+2wKzgcVfPU7joDX1SgdRnJHld1GQ1Qz/wlA1csIH8XLOSgDJrp8CHVKfSC9fGz4sUC2Yz4vqjZQYofQY4EO8uKXHbVAWMVn/mTqhCpCyVPdZNevapDkL3AySRnmu1MqAOSilMCgh3sDKSrRkpdwFNzMRoinO5STKM1M29XTYnYrAQuZmf1dVvygnQhdTrJ4iABSn root@ubuntu-xenial
-----END SSH HOST KEY KEYS-----
[   22.649224] cloud-init[1737]: Cloud-init v. 21.1-19-gbad84ad4-0ubuntu1~16.04.2 running 'modules:final' at Thu, 14 Oct 2021 14:05:14 +0000. Up 22.43 seconds.
[   22.649617] cloud-init[1737]: ci-info: no authorized SSH keys fingerprints found for user ubuntu.
[   22.657876] cloud-init[1737]: Cloud-init v. 21.1-19-gbad84ad4-0ubuntu1~16.04.2 finished at Thu, 14 Oct 2021 14:05:14 +0000. Datasource DataSourceNoCloud [seed=/dev/sdb][dsmode=net].  Up 22.64 seconds
